<?xml version="1.0" encoding="UTF-8"?>
<coverage generated="1695536619288" clover="3.2.0">
  <project timestamp="1695536619288" name="All files">
    <metrics statements="15" coveredstatements="9" conditionals="0" coveredconditionals="0" methods="3" coveredmethods="1" elements="18" coveredelements="10" complexity="0" loc="15" ncloc="15" packages="2" files="2" classes="2"/>
    <package name="api">
      <metrics statements="14" coveredstatements="8" conditionals="0" coveredconditionals="0" methods="3" coveredmethods="1"/>
      <file name="axios.ts" path="/Users/frankychen/Desktop/Nimo/Nimo/src/api/axios.ts">
        <metrics statements="14" coveredstatements="8" conditionals="0" coveredconditionals="0" methods="3" coveredmethods="1"/>
        <line num="1" count="1" type="stmt"/>
        <line num="3" count="1" type="stmt"/>
        <line num="8" count="1" type="stmt"/>
        <line num="10" count="2" type="stmt"/>
        <line num="12" count="1" type="stmt"/>
        <line num="13" count="1" type="stmt"/>
        <line num="16" count="1" type="stmt"/>
        <line num="18" count="0" type="stmt"/>
        <line num="20" count="0" type="stmt"/>
        <line num="21" count="0" type="stmt"/>
        <line num="24" count="1" type="stmt"/>
        <line num="26" count="0" type="stmt"/>
        <line num="28" count="0" type="stmt"/>
        <line num="29" count="0" type="stmt"/>
      </file>
    </package>
    <package name="data">
      <metrics statements="1" coveredstatements="1" conditionals="0" coveredconditionals="0" methods="0" coveredmethods="0"/>
      <file name="dummy.ts" path="/Users/frankychen/Desktop/Nimo/Nimo/src/data/dummy.ts">
        <metrics statements="1" coveredstatements="1" conditionals="0" coveredconditionals="0" methods="0" coveredmethods="0"/>
        <line num="3" count="1" type="stmt"/>
      </file>
    </package>
  </project>
</coverage>
