{"/Users/frankychen/Desktop/Nimo/Nimo/src/api/axios.ts": {"path":"/Users/frankychen/Desktop/Nimo/Nimo/src/api/axios.ts","statementMap":{"0":{"start":{"line":1,"column":0},"end":{"line":1,"column":25}},"1":{"start":{"line":3,"column":13},"end":{"line":5,"column":null}},"2":{"start":{"line":8,"column":30},"end":{"line":14,"column":1}},"3":{"start":{"line":10,"column":21},"end":{"line":10,"column":150}},"4":{"start":{"line":12,"column":4},"end":{"line":12,"column":26}},"5":{"start":{"line":13,"column":4},"end":{"line":13,"column":25}},"6":{"start":{"line":8,"column":13},"end":{"line":8,"column":30}},"7":{"start":{"line":16,"column":27},"end":{"line":22,"column":1}},"8":{"start":{"line":18,"column":21},"end":{"line":18,"column":53}},"9":{"start":{"line":20,"column":4},"end":{"line":20,"column":26}},"10":{"start":{"line":21,"column":4},"end":{"line":21,"column":25}},"11":{"start":{"line":16,"column":13},"end":{"line":16,"column":27}},"12":{"start":{"line":24,"column":29},"end":{"line":30,"column":1}},"13":{"start":{"line":26,"column":21},"end":{"line":26,"column":58}},"14":{"start":{"line":28,"column":4},"end":{"line":28,"column":26}},"15":{"start":{"line":29,"column":4},"end":{"line":29,"column":25}},"16":{"start":{"line":24,"column":13},"end":{"line":24,"column":29}}},"fnMap":{"0":{"name":"(anonymous_1)","decl":{"start":{"line":8,"column":30},"end":{"line":8,"column":35}},"loc":{"start":{"line":8,"column":79},"end":{"line":14,"column":1}}},"1":{"name":"(anonymous_2)","decl":{"start":{"line":16,"column":27},"end":{"line":16,"column":32}},"loc":{"start":{"line":16,"column":38},"end":{"line":22,"column":1}}},"2":{"name":"(anonymous_3)","decl":{"start":{"line":24,"column":29},"end":{"line":24,"column":34}},"loc":{"start":{"line":24,"column":54},"end":{"line":30,"column":1}}}},"branchMap":{},"s":{"0":1,"1":1,"2":1,"3":2,"4":1,"5":1,"6":1,"7":1,"8":0,"9":0,"10":0,"11":1,"12":1,"13":0,"14":0,"15":0,"16":1},"f":{"0":2,"1":0,"2":0},"b":{}}
,"/Users/frankychen/Desktop/Nimo/Nimo/src/data/dummy.ts": {"path":"/Users/frankychen/Desktop/Nimo/Nimo/src/data/dummy.ts","statementMap":{"0":{"start":{"line":3,"column":13},"end":{"line":175,"column":2}}},"fnMap":{},"branchMap":{},"s":{"0":1},"f":{},"b":{}}
}
